c:\users\demo\desktop\projet c\projet-c-2\basecode_projetc\advancewars\debug\vc142.pdb
c:\users\demo\desktop\projet c\projet-c-2\basecode_projetc\advancewars\debug\vc142.idb
c:\users\demo\desktop\projet c\projet-c-2\basecode_projetc\advancewars\debug\unit.obj
c:\users\demo\desktop\projet c\projet-c-2\basecode_projetc\advancewars\debug\sprite.obj
c:\users\demo\desktop\projet c\projet-c-2\basecode_projetc\advancewars\debug\renderloop.obj
c:\users\demo\desktop\projet c\projet-c-2\basecode_projetc\advancewars\debug\main.obj
c:\users\demo\desktop\projet c\projet-c-2\basecode_projetc\advancewars\debug\graph_sdl.obj
c:\users\demo\desktop\projet c\projet-c-2\basecode_projetc\advancewars\debug\game.obj
d:\bureau\scolaire\esiea\3a\projet c\copie projet c 2\projet-c-2\basecode_projetc\bin\advancewars_d.exe
d:\bureau\scolaire\esiea\3a\projet c\copie projet c 2\projet-c-2\basecode_projetc\bin\advancewars_d.ilk
d:\bureau\scolaire\esiea\3a\projet c\copie projet c 2\projet-c-2\basecode_projetc\bin\advancewars_d.pdb
d:\bureau\scolaire\esiea\3a\projet c\projet-c 2\projet-c-2\basecode_projetc\bin\advancewars_d.exe
d:\bureau\scolaire\esiea\3a\projet c\projet-c 2\projet-c-2\basecode_projetc\bin\advancewars_d.ilk
d:\bureau\scolaire\esiea\3a\projet c\projet-c 2\projet-c-2\basecode_projetc\bin\advancewars_d.pdb
c:\users\demo\desktop\projet c\projet-c-2\basecode_projetc\advancewars\debug\game.obj.enc
c:\users\demo\desktop\projet c\projet-c-2\basecode_projetc\bin\advancewars_d.pdb
c:\users\demo\desktop\projet c\projet-c-2\basecode_projetc\advancewars\debug\advancewars.tlog\cl.command.1.tlog
c:\users\demo\desktop\projet c\projet-c-2\basecode_projetc\advancewars\debug\advancewars.tlog\cl.read.1.tlog
c:\users\demo\desktop\projet c\projet-c-2\basecode_projetc\advancewars\debug\advancewars.tlog\cl.write.1.tlog
c:\users\demo\desktop\projet c\projet-c-2\basecode_projetc\advancewars\debug\advancewars.tlog\link-cvtres.read.1.tlog
c:\users\demo\desktop\projet c\projet-c-2\basecode_projetc\advancewars\debug\advancewars.tlog\link-cvtres.write.1.tlog
c:\users\demo\desktop\projet c\projet-c-2\basecode_projetc\advancewars\debug\advancewars.tlog\link-rc.read.1.tlog
c:\users\demo\desktop\projet c\projet-c-2\basecode_projetc\advancewars\debug\advancewars.tlog\link-rc.write.1.tlog
c:\users\demo\desktop\projet c\projet-c-2\basecode_projetc\advancewars\debug\advancewars.tlog\link.20416.read.1.tlog
c:\users\demo\desktop\projet c\projet-c-2\basecode_projetc\advancewars\debug\advancewars.tlog\link.20416.write.1.tlog
c:\users\demo\desktop\projet c\projet-c-2\basecode_projetc\advancewars\debug\advancewars.tlog\link.command.1.tlog
c:\users\demo\desktop\projet c\projet-c-2\basecode_projetc\advancewars\debug\advancewars.tlog\link.read.1.tlog
c:\users\demo\desktop\projet c\projet-c-2\basecode_projetc\advancewars\debug\advancewars.tlog\link.write.1.tlog
